<?xml version="1.0" encoding="UTF-8"?>
<!-- Generated by org.testng.reporters.JUnitReportReporter -->
<testsuite hostname="tarena-pc" name="testcases.NewTest" tests="1" failures="0" timestamp="8 Apr 2017 09:48:34 GMT" time="0.270" errors="0">
  <testcase name="f" time="0.270" classname="testcases.NewTest"/>
</testsuite> <!-- testcases.NewTest -->
